#-----------------------------------------------------------
# Vivado v2020.2 (64-bit)
# SW Build 3064766 on Wed Nov 18 09:12:45 MST 2020
# IP Build 3064653 on Wed Nov 18 14:17:31 MST 2020
# Start of session at: Sun Jan  7 15:37:12 2024
# Process ID: 18220
# Current directory: D:/hdl/final proj/second_fgpa_master_connection
# Command line: vivado.exe -gui_launcher_event rodinguilauncherevent10480 D:\hdl\final proj\second_fgpa_master_connection\second_fgpa_master_connection.xpr
# Log file: D:/hdl/final proj/second_fgpa_master_connection/vivado.log
# Journal file: D:/hdl/final proj/second_fgpa_master_connection\vivado.jou
#-----------------------------------------------------------
start_gui
open_project {D:/hdl/final proj/second_fgpa_master_connection/second_fgpa_master_connection.xpr}
WARNING: [filemgmt 56-3] Default IP Output Path : Could not find the directory 'D:/hdl/final proj/second_fgpa_master_connection/second_fgpa_master_connection.gen/sources_1'.
Scanning sources...
Finished scanning sources
INFO: [IP_Flow 19-234] Refreshing IP repositories
INFO: [IP_Flow 19-1704] No user IP repositories specified
INFO: [IP_Flow 19-2313] Loaded Vivado IP repository 'D:/Vivado/2020.2/data/ip'.
open_project: Time (s): cpu = 00:00:35 ; elapsed = 00:00:20 . Memory (MB): peak = 1017.449 ; gain = 0.000
update_compile_order -fileset sources_1
exit
INFO: [Common 17-206] Exiting Vivado at Sun Jan  7 15:40:37 2024...
