
*** Running vivado
    with args -log Top.vds -m64 -product Vivado -mode batch -messageDb vivado.pb -notrace -source Top.tcl



****** Vivado v2020.2 (64-bit)
  **** SW Build 3064766 on Wed Nov 18 09:12:45 MST 2020
  **** IP Build 3064653 on Wed Nov 18 14:17:31 MST 2020
    ** Copyright 1986-2020 Xilinx, Inc. All Rights Reserved.

source Top.tcl -notrace
Command: synth_design -top Top -part xc7a35tcpg236-1
Starting synth_design
Attempting to get a license for feature 'Synthesis' and/or device 'xc7a35t'
INFO: [Common 17-349] Got license for feature 'Synthesis' and/or device 'xc7a35t'
INFO: [Device 21-403] Loading part xc7a35tcpg236-1
INFO: [Synth 8-7079] Multithreading enabled for synth_design using a maximum of 2 processes.
INFO: [Synth 8-7078] Launching helper process for spawning children vivado processes
INFO: [Synth 8-7075] Helper process launched with PID 27980
WARNING: [Synth 8-2507] parameter declaration becomes local in Ps2Interface with formal parameter declaration list [D:/hdl/final proj/main_fgpa_slave_connection/main_fgpa_slave_connection.srcs/sources_1/new/keyboard_manager_on_main.v:1128]
WARNING: [Synth 8-2507] parameter declaration becomes local in Ps2Interface with formal parameter declaration list [D:/hdl/final proj/main_fgpa_slave_connection/main_fgpa_slave_connection.srcs/sources_1/new/keyboard_manager_on_main.v:1129]
WARNING: [Synth 8-2507] parameter declaration becomes local in Ps2Interface with formal parameter declaration list [D:/hdl/final proj/main_fgpa_slave_connection/main_fgpa_slave_connection.srcs/sources_1/new/keyboard_manager_on_main.v:1130]
WARNING: [Synth 8-2507] parameter declaration becomes local in Ps2Interface with formal parameter declaration list [D:/hdl/final proj/main_fgpa_slave_connection/main_fgpa_slave_connection.srcs/sources_1/new/keyboard_manager_on_main.v:1131]
WARNING: [Synth 8-2507] parameter declaration becomes local in Ps2Interface with formal parameter declaration list [D:/hdl/final proj/main_fgpa_slave_connection/main_fgpa_slave_connection.srcs/sources_1/new/keyboard_manager_on_main.v:1166]
WARNING: [Synth 8-2507] parameter declaration becomes local in Ps2Interface with formal parameter declaration list [D:/hdl/final proj/main_fgpa_slave_connection/main_fgpa_slave_connection.srcs/sources_1/new/keyboard_manager_on_main.v:1168]
WARNING: [Synth 8-2507] parameter declaration becomes local in Ps2Interface with formal parameter declaration list [D:/hdl/final proj/main_fgpa_slave_connection/main_fgpa_slave_connection.srcs/sources_1/new/keyboard_manager_on_main.v:1169]
WARNING: [Synth 8-2507] parameter declaration becomes local in Ps2Interface with formal parameter declaration list [D:/hdl/final proj/main_fgpa_slave_connection/main_fgpa_slave_connection.srcs/sources_1/new/keyboard_manager_on_main.v:1170]
WARNING: [Synth 8-2507] parameter declaration becomes local in Ps2Interface with formal parameter declaration list [D:/hdl/final proj/main_fgpa_slave_connection/main_fgpa_slave_connection.srcs/sources_1/new/keyboard_manager_on_main.v:1171]
WARNING: [Synth 8-2507] parameter declaration becomes local in Ps2Interface with formal parameter declaration list [D:/hdl/final proj/main_fgpa_slave_connection/main_fgpa_slave_connection.srcs/sources_1/new/keyboard_manager_on_main.v:1172]
WARNING: [Synth 8-2507] parameter declaration becomes local in Ps2Interface with formal parameter declaration list [D:/hdl/final proj/main_fgpa_slave_connection/main_fgpa_slave_connection.srcs/sources_1/new/keyboard_manager_on_main.v:1173]
WARNING: [Synth 8-2507] parameter declaration becomes local in Ps2Interface with formal parameter declaration list [D:/hdl/final proj/main_fgpa_slave_connection/main_fgpa_slave_connection.srcs/sources_1/new/keyboard_manager_on_main.v:1174]
WARNING: [Synth 8-2507] parameter declaration becomes local in Ps2Interface with formal parameter declaration list [D:/hdl/final proj/main_fgpa_slave_connection/main_fgpa_slave_connection.srcs/sources_1/new/keyboard_manager_on_main.v:1175]
WARNING: [Synth 8-2507] parameter declaration becomes local in Ps2Interface with formal parameter declaration list [D:/hdl/final proj/main_fgpa_slave_connection/main_fgpa_slave_connection.srcs/sources_1/new/keyboard_manager_on_main.v:1176]
WARNING: [Synth 8-2507] parameter declaration becomes local in Ps2Interface with formal parameter declaration list [D:/hdl/final proj/main_fgpa_slave_connection/main_fgpa_slave_connection.srcs/sources_1/new/keyboard_manager_on_main.v:1177]
WARNING: [Synth 8-2507] parameter declaration becomes local in Ps2Interface with formal parameter declaration list [D:/hdl/final proj/main_fgpa_slave_connection/main_fgpa_slave_connection.srcs/sources_1/new/keyboard_manager_on_main.v:1178]
WARNING: [Synth 8-2507] parameter declaration becomes local in Ps2Interface with formal parameter declaration list [D:/hdl/final proj/main_fgpa_slave_connection/main_fgpa_slave_connection.srcs/sources_1/new/keyboard_manager_on_main.v:1179]
WARNING: [Synth 8-2507] parameter declaration becomes local in Ps2Interface with formal parameter declaration list [D:/hdl/final proj/main_fgpa_slave_connection/main_fgpa_slave_connection.srcs/sources_1/new/keyboard_manager_on_main.v:1180]
WARNING: [Synth 8-2507] parameter declaration becomes local in Ps2Interface with formal parameter declaration list [D:/hdl/final proj/main_fgpa_slave_connection/main_fgpa_slave_connection.srcs/sources_1/new/keyboard_manager_on_main.v:1181]
WARNING: [Synth 8-2507] parameter declaration becomes local in Ps2Interface with formal parameter declaration list [D:/hdl/final proj/main_fgpa_slave_connection/main_fgpa_slave_connection.srcs/sources_1/new/keyboard_manager_on_main.v:1182]
WARNING: [Synth 8-2507] parameter declaration becomes local in KeyboardCtrl with formal parameter declaration list [D:/hdl/final proj/main_fgpa_slave_connection/main_fgpa_slave_connection.srcs/sources_1/new/keyboard_manager_on_main.v:1518]
WARNING: [Synth 8-2507] parameter declaration becomes local in KeyboardCtrl with formal parameter declaration list [D:/hdl/final proj/main_fgpa_slave_connection/main_fgpa_slave_connection.srcs/sources_1/new/keyboard_manager_on_main.v:1519]
WARNING: [Synth 8-2507] parameter declaration becomes local in KeyboardCtrl with formal parameter declaration list [D:/hdl/final proj/main_fgpa_slave_connection/main_fgpa_slave_connection.srcs/sources_1/new/keyboard_manager_on_main.v:1520]
WARNING: [Synth 8-2507] parameter declaration becomes local in KeyboardCtrl with formal parameter declaration list [D:/hdl/final proj/main_fgpa_slave_connection/main_fgpa_slave_connection.srcs/sources_1/new/keyboard_manager_on_main.v:1521]
WARNING: [Synth 8-2507] parameter declaration becomes local in KeyboardCtrl with formal parameter declaration list [D:/hdl/final proj/main_fgpa_slave_connection/main_fgpa_slave_connection.srcs/sources_1/new/keyboard_manager_on_main.v:1522]
WARNING: [Synth 8-2507] parameter declaration becomes local in KeyboardCtrl with formal parameter declaration list [D:/hdl/final proj/main_fgpa_slave_connection/main_fgpa_slave_connection.srcs/sources_1/new/keyboard_manager_on_main.v:1523]
WARNING: [Synth 8-2507] parameter declaration becomes local in KeyboardCtrl with formal parameter declaration list [D:/hdl/final proj/main_fgpa_slave_connection/main_fgpa_slave_connection.srcs/sources_1/new/keyboard_manager_on_main.v:1524]
WARNING: [Synth 8-2507] parameter declaration becomes local in KeyboardCtrl with formal parameter declaration list [D:/hdl/final proj/main_fgpa_slave_connection/main_fgpa_slave_connection.srcs/sources_1/new/keyboard_manager_on_main.v:1526]
WARNING: [Synth 8-2507] parameter declaration becomes local in KeyboardCtrl with formal parameter declaration list [D:/hdl/final proj/main_fgpa_slave_connection/main_fgpa_slave_connection.srcs/sources_1/new/keyboard_manager_on_main.v:1527]
WARNING: [Synth 8-2507] parameter declaration becomes local in KeyboardCtrl with formal parameter declaration list [D:/hdl/final proj/main_fgpa_slave_connection/main_fgpa_slave_connection.srcs/sources_1/new/keyboard_manager_on_main.v:1528]
WARNING: [Synth 8-2507] parameter declaration becomes local in KeyboardCtrl with formal parameter declaration list [D:/hdl/final proj/main_fgpa_slave_connection/main_fgpa_slave_connection.srcs/sources_1/new/keyboard_manager_on_main.v:1529]
WARNING: [Synth 8-2507] parameter declaration becomes local in KeyboardCtrl with formal parameter declaration list [D:/hdl/final proj/main_fgpa_slave_connection/main_fgpa_slave_connection.srcs/sources_1/new/keyboard_manager_on_main.v:1531]
WARNING: [Synth 8-2507] parameter declaration becomes local in KeyboardCtrl with formal parameter declaration list [D:/hdl/final proj/main_fgpa_slave_connection/main_fgpa_slave_connection.srcs/sources_1/new/keyboard_manager_on_main.v:1532]
WARNING: [Synth 8-2507] parameter declaration becomes local in KeyboardCtrl with formal parameter declaration list [D:/hdl/final proj/main_fgpa_slave_connection/main_fgpa_slave_connection.srcs/sources_1/new/keyboard_manager_on_main.v:1533]
WARNING: [Synth 8-2507] parameter declaration becomes local in KeyboardCtrl with formal parameter declaration list [D:/hdl/final proj/main_fgpa_slave_connection/main_fgpa_slave_connection.srcs/sources_1/new/keyboard_manager_on_main.v:1534]
WARNING: [Synth 8-2507] parameter declaration becomes local in KeyboardCtrl with formal parameter declaration list [D:/hdl/final proj/main_fgpa_slave_connection/main_fgpa_slave_connection.srcs/sources_1/new/keyboard_manager_on_main.v:1535]
---------------------------------------------------------------------------------
Starting RTL Elaboration : Time (s): cpu = 00:00:11 ; elapsed = 00:00:15 . Memory (MB): peak = 1015.012 ; gain = 0.000
---------------------------------------------------------------------------------
INFO: [Synth 8-6157] synthesizing module 'Top' [D:/hdl/final proj/main_fgpa_slave_connection/main_fgpa_slave_connection.srcs/sources_1/new/keyboard_manager_on_main.v:6]
	Parameter row bound to: 5'b01111 
	Parameter col bound to: 7'b0011101 
INFO: [Synth 8-6157] synthesizing module 'debounce' [D:/hdl/final proj/main_fgpa_slave_connection/main_fgpa_slave_connection.srcs/sources_1/new/keyboard_manager_on_main.v:1045]
INFO: [Synth 8-6155] done synthesizing module 'debounce' (1#1) [D:/hdl/final proj/main_fgpa_slave_connection/main_fgpa_slave_connection.srcs/sources_1/new/keyboard_manager_on_main.v:1045]
INFO: [Synth 8-6157] synthesizing module 'OnePulse' [D:/hdl/final proj/main_fgpa_slave_connection/main_fgpa_slave_connection.srcs/sources_1/new/keyboard_manager_on_main.v:1058]
INFO: [Synth 8-6155] done synthesizing module 'OnePulse' (2#1) [D:/hdl/final proj/main_fgpa_slave_connection/main_fgpa_slave_connection.srcs/sources_1/new/keyboard_manager_on_main.v:1058]
INFO: [Synth 8-6157] synthesizing module 'keyboard_manager' [D:/hdl/final proj/main_fgpa_slave_connection/main_fgpa_slave_connection.srcs/sources_1/new/keyboard_manager_on_main.v:721]
INFO: [Synth 8-6157] synthesizing module 'connection_slave' [D:/hdl/final proj/main_fgpa_slave_connection/main_fgpa_slave_connection.srcs/sources_1/new/top.v:25]
INFO: [Synth 8-6157] synthesizing module 'onepulse_slave' [D:/hdl/final proj/main_fgpa_slave_connection/main_fgpa_slave_connection.srcs/sources_1/new/top.v:14]
INFO: [Synth 8-6155] done synthesizing module 'onepulse_slave' (3#1) [D:/hdl/final proj/main_fgpa_slave_connection/main_fgpa_slave_connection.srcs/sources_1/new/top.v:14]
INFO: [Synth 8-6157] synthesizing module 'slave_control' [D:/hdl/final proj/main_fgpa_slave_connection/main_fgpa_slave_connection.srcs/sources_1/new/slave_control.v:2]
	Parameter state_wait_rqst bound to: 2'b00 
	Parameter state_wait_to_send_ack bound to: 2'b01 
	Parameter state_send_ack bound to: 2'b10 
	Parameter state_wait_data bound to: 2'b11 
INFO: [Synth 8-6157] synthesizing module 'counter' [D:/hdl/final proj/main_fgpa_slave_connection/main_fgpa_slave_connection.srcs/sources_1/new/counter.v:18]
INFO: [Synth 8-6155] done synthesizing module 'counter' (4#1) [D:/hdl/final proj/main_fgpa_slave_connection/main_fgpa_slave_connection.srcs/sources_1/new/counter.v:18]
INFO: [Synth 8-6155] done synthesizing module 'slave_control' (5#1) [D:/hdl/final proj/main_fgpa_slave_connection/main_fgpa_slave_connection.srcs/sources_1/new/slave_control.v:2]
INFO: [Synth 8-6155] done synthesizing module 'connection_slave' (6#1) [D:/hdl/final proj/main_fgpa_slave_connection/main_fgpa_slave_connection.srcs/sources_1/new/top.v:25]
INFO: [Synth 8-6157] synthesizing module 'keyboard_main' [D:/hdl/final proj/main_fgpa_slave_connection/main_fgpa_slave_connection.srcs/sources_1/new/keyboard_manager_on_main.v:775]
	Parameter KEY_CODES_Q bound to: 9'b000010101 
	Parameter KEY_CODES_W bound to: 9'b000011101 
	Parameter KEY_CODES_E bound to: 9'b000100100 
	Parameter KEY_CODES_R bound to: 9'b000101101 
	Parameter KEY_CODES_T bound to: 9'b000101100 
	Parameter KEY_CODES_Y bound to: 9'b000110101 
	Parameter KEY_CODES_U bound to: 9'b000111100 
	Parameter KEY_CODES_I bound to: 9'b001000011 
	Parameter KEY_CODES_O bound to: 9'b001000100 
	Parameter KEY_CODES_P bound to: 9'b001001101 
	Parameter KEY_CODES_A bound to: 9'b000011100 
	Parameter KEY_CODES_S bound to: 9'b000011011 
	Parameter KEY_CODES_D bound to: 9'b000100011 
	Parameter KEY_CODES_F bound to: 9'b000101011 
	Parameter KEY_CODES_G bound to: 9'b000110100 
	Parameter KEY_CODES_H bound to: 9'b000110011 
	Parameter KEY_CODES_J bound to: 9'b000111011 
	Parameter KEY_CODES_K bound to: 9'b001000010 
	Parameter KEY_CODES_L bound to: 9'b001001011 
	Parameter KEY_CODES_Z bound to: 9'b000011010 
	Parameter KEY_CODES_X bound to: 9'b000100010 
	Parameter KEY_CODES_C bound to: 9'b000100001 
	Parameter KEY_CODES_V bound to: 9'b000101010 
	Parameter KEY_CODES_B bound to: 9'b000110010 
	Parameter KEY_CODES_N bound to: 9'b000110001 
	Parameter KEY_CODES_M bound to: 9'b000111010 
	Parameter CHAR_CODES_EMPTY bound to: 5'b00000 
	Parameter CHAR_CODES_A bound to: 5'b00001 
	Parameter CHAR_CODES_B bound to: 5'b00010 
	Parameter CHAR_CODES_C bound to: 5'b00011 
	Parameter CHAR_CODES_D bound to: 5'b00100 
	Parameter CHAR_CODES_E bound to: 5'b00101 
	Parameter CHAR_CODES_F bound to: 5'b00110 
	Parameter CHAR_CODES_G bound to: 5'b00111 
	Parameter CHAR_CODES_H bound to: 5'b01000 
	Parameter CHAR_CODES_I bound to: 5'b01001 
	Parameter CHAR_CODES_J bound to: 5'b01010 
	Parameter CHAR_CODES_K bound to: 5'b01011 
	Parameter CHAR_CODES_L bound to: 5'b01100 
	Parameter CHAR_CODES_M bound to: 5'b01101 
	Parameter CHAR_CODES_N bound to: 5'b01110 
	Parameter CHAR_CODES_O bound to: 5'b01111 
	Parameter CHAR_CODES_P bound to: 5'b10000 
	Parameter CHAR_CODES_Q bound to: 5'b10001 
	Parameter CHAR_CODES_R bound to: 5'b10010 
	Parameter CHAR_CODES_S bound to: 5'b10011 
	Parameter CHAR_CODES_T bound to: 5'b10100 
	Parameter CHAR_CODES_U bound to: 5'b10101 
	Parameter CHAR_CODES_V bound to: 5'b10110 
	Parameter CHAR_CODES_W bound to: 5'b10111 
	Parameter CHAR_CODES_X bound to: 5'b11000 
	Parameter CHAR_CODES_Y bound to: 5'b11001 
	Parameter CHAR_CODES_Z bound to: 5'b11010 
INFO: [Synth 8-6157] synthesizing module 'KeyboardDecoder' [D:/hdl/final proj/main_fgpa_slave_connection/main_fgpa_slave_connection.srcs/sources_1/new/keyboard_manager_on_main.v:1685]
	Parameter INIT bound to: 2'b00 
	Parameter WAIT_FOR_SIGNAL bound to: 2'b01 
	Parameter GET_SIGNAL_DOWN bound to: 2'b10 
	Parameter WAIT_RELEASE bound to: 2'b11 
	Parameter IS_INIT bound to: 8'b10101010 
	Parameter IS_EXTEND bound to: 8'b11100000 
	Parameter IS_BREAK bound to: 8'b11110000 
INFO: [Synth 8-6157] synthesizing module 'KeyboardCtrl' [D:/hdl/final proj/main_fgpa_slave_connection/main_fgpa_slave_connection.srcs/sources_1/new/keyboard_manager_on_main.v:1501]
	Parameter SYSCLK_FREQUENCY_HZ bound to: 100000000 - type: integer 
	Parameter RESET bound to: 3'b000 
	Parameter SEND_CMD bound to: 3'b001 
	Parameter WAIT_ACK bound to: 3'b010 
	Parameter WAIT_KEYIN bound to: 3'b011 
	Parameter GET_BREAK bound to: 3'b100 
	Parameter GET_EXTEND bound to: 3'b101 
	Parameter RESET_WAIT_BAT bound to: 3'b110 
	Parameter CMD_RESET bound to: 8'b11111111 
	Parameter CMD_SET_STATUS_LEDS bound to: 8'b11101101 
	Parameter RSP_ACK bound to: 8'b11111010 
	Parameter RSP_BAT_PASS bound to: 8'b10101010 
	Parameter BREAK_CODE bound to: 8'b11110000 
	Parameter EXTEND_CODE bound to: 8'b11100000 
	Parameter CAPS_LOCK bound to: 8'b01011000 
	Parameter NUM_LOCK bound to: 8'b01110111 
	Parameter SCR_LOCK bound to: 8'b01111110 
INFO: [Synth 8-6157] synthesizing module 'Ps2Interface' [D:/hdl/final proj/main_fgpa_slave_connection/main_fgpa_slave_connection.srcs/sources_1/new/keyboard_manager_on_main.v:1101]
	Parameter SYSCLK_FREQUENCY_HZ bound to: 100000000 - type: integer 
	Parameter CLOCK_CNT_100US bound to: 10000 - type: integer 
	Parameter CLOCK_CNT_20US bound to: 2000 - type: integer 
	Parameter DEBOUNCE_DELAY bound to: 15 - type: integer 
	Parameter BITS_NUM bound to: 11 - type: integer 
	Parameter parity_table bound to: 256'b1001011001101001011010011001011001101001100101101001011001101001011010011001011010010110011010011001011001101001011010011001011001101001100101101001011001101001100101100110100101101001100101101001011001101001011010011001011001101001100101101001011001101001 
	Parameter IDLE bound to: 4'b0000 
	Parameter RX_NEG_EDGE bound to: 4'b0001 
	Parameter RX_CLK_LOW bound to: 4'b0010 
	Parameter RX_CLK_HIGH bound to: 4'b0011 
	Parameter TX_FORCE_CLK_LOW bound to: 4'b0100 
	Parameter TX_BRING_DATA_LOW bound to: 4'b0101 
	Parameter TX_RELEASE_CLK bound to: 4'b0110 
	Parameter TX_WAIT_FIRTS_NEG_EDGE bound to: 4'b0111 
	Parameter TX_CLK_LOW bound to: 4'b1000 
	Parameter TX_WAIT_POS_EDGE bound to: 4'b1001 
	Parameter TX_CLK_HIGH bound to: 4'b1010 
	Parameter TX_WAIT_POS_EDGE_BEFORE_ACK bound to: 4'b1011 
	Parameter TX_WAIT_ACK bound to: 4'b1100 
	Parameter TX_RECEIVED_ACK bound to: 4'b1101 
	Parameter TX_ERROR_NO_ACK bound to: 4'b1110 
INFO: [Synth 8-6157] synthesizing module 'IOBUF' [D:/Vivado/2020.2/scripts/rt/data/unisim_comp.v:36242]
	Parameter DRIVE bound to: 12 - type: integer 
	Parameter IBUF_LOW_PWR bound to: TRUE - type: string 
	Parameter IOSTANDARD bound to: DEFAULT - type: string 
	Parameter SLEW bound to: SLOW - type: string 
INFO: [Synth 8-6155] done synthesizing module 'IOBUF' (7#1) [D:/Vivado/2020.2/scripts/rt/data/unisim_comp.v:36242]
INFO: [Synth 8-6155] done synthesizing module 'Ps2Interface' (8#1) [D:/hdl/final proj/main_fgpa_slave_connection/main_fgpa_slave_connection.srcs/sources_1/new/keyboard_manager_on_main.v:1101]
INFO: [Synth 8-6155] done synthesizing module 'KeyboardCtrl' (9#1) [D:/hdl/final proj/main_fgpa_slave_connection/main_fgpa_slave_connection.srcs/sources_1/new/keyboard_manager_on_main.v:1501]
INFO: [Synth 8-226] default block is never used [D:/hdl/final proj/main_fgpa_slave_connection/main_fgpa_slave_connection.srcs/sources_1/new/keyboard_manager_on_main.v:1755]
INFO: [Synth 8-226] default block is never used [D:/hdl/final proj/main_fgpa_slave_connection/main_fgpa_slave_connection.srcs/sources_1/new/keyboard_manager_on_main.v:1765]
INFO: [Synth 8-226] default block is never used [D:/hdl/final proj/main_fgpa_slave_connection/main_fgpa_slave_connection.srcs/sources_1/new/keyboard_manager_on_main.v:1777]
INFO: [Synth 8-226] default block is never used [D:/hdl/final proj/main_fgpa_slave_connection/main_fgpa_slave_connection.srcs/sources_1/new/keyboard_manager_on_main.v:1787]
INFO: [Synth 8-226] default block is never used [D:/hdl/final proj/main_fgpa_slave_connection/main_fgpa_slave_connection.srcs/sources_1/new/keyboard_manager_on_main.v:1797]
INFO: [Synth 8-6155] done synthesizing module 'KeyboardDecoder' (10#1) [D:/hdl/final proj/main_fgpa_slave_connection/main_fgpa_slave_connection.srcs/sources_1/new/keyboard_manager_on_main.v:1685]
INFO: [Synth 8-6157] synthesizing module 'new_press' [D:/hdl/final proj/main_fgpa_slave_connection/main_fgpa_slave_connection.srcs/sources_1/new/keyboard_manager_on_main.v:950]
INFO: [Synth 8-6155] done synthesizing module 'new_press' (11#1) [D:/hdl/final proj/main_fgpa_slave_connection/main_fgpa_slave_connection.srcs/sources_1/new/keyboard_manager_on_main.v:950]
INFO: [Synth 8-6155] done synthesizing module 'keyboard_main' (12#1) [D:/hdl/final proj/main_fgpa_slave_connection/main_fgpa_slave_connection.srcs/sources_1/new/keyboard_manager_on_main.v:775]
INFO: [Synth 8-6155] done synthesizing module 'keyboard_manager' (13#1) [D:/hdl/final proj/main_fgpa_slave_connection/main_fgpa_slave_connection.srcs/sources_1/new/keyboard_manager_on_main.v:721]
INFO: [Synth 8-6157] synthesizing module 'clk_div' [D:/hdl/final proj/main_fgpa_slave_connection/main_fgpa_slave_connection.srcs/sources_1/new/keyboard_manager_on_main.v:1898]
	Parameter n bound to: 2 - type: integer 
INFO: [Synth 8-6155] done synthesizing module 'clk_div' (14#1) [D:/hdl/final proj/main_fgpa_slave_connection/main_fgpa_slave_connection.srcs/sources_1/new/keyboard_manager_on_main.v:1898]
INFO: [Synth 8-6157] synthesizing module 'pixel_gen' [D:/hdl/final proj/main_fgpa_slave_connection/main_fgpa_slave_connection.srcs/sources_1/new/pixel_gen.v:3]
INFO: [Synth 8-6157] synthesizing module 'ascii_rom' [D:/hdl/final proj/main_fgpa_slave_connection/main_fgpa_slave_connection.srcs/sources_1/new/ascii_rom.v:22]
INFO: [Synth 8-6155] done synthesizing module 'ascii_rom' (15#1) [D:/hdl/final proj/main_fgpa_slave_connection/main_fgpa_slave_connection.srcs/sources_1/new/ascii_rom.v:22]
INFO: [Synth 8-6155] done synthesizing module 'pixel_gen' (16#1) [D:/hdl/final proj/main_fgpa_slave_connection/main_fgpa_slave_connection.srcs/sources_1/new/pixel_gen.v:3]
INFO: [Synth 8-6157] synthesizing module 'vga_controller' [D:/hdl/final proj/main_fgpa_slave_connection/main_fgpa_slave_connection.srcs/sources_1/new/keyboard_manager_on_main.v:1828]
INFO: [Synth 8-6155] done synthesizing module 'vga_controller' (17#1) [D:/hdl/final proj/main_fgpa_slave_connection/main_fgpa_slave_connection.srcs/sources_1/new/keyboard_manager_on_main.v:1828]
INFO: [Synth 8-6157] synthesizing module 'game_logic_core' [D:/hdl/final proj/main_fgpa_slave_connection/main_fgpa_slave_connection.srcs/sources_1/new/keyboard_manager_on_main.v:346]
	Parameter CHAR_CODES_EMPTY bound to: 5'b00000 
	Parameter CHAR_CODES_A bound to: 5'b00001 
	Parameter CHAR_CODES_B bound to: 5'b00010 
	Parameter CHAR_CODES_C bound to: 5'b00011 
	Parameter CHAR_CODES_D bound to: 5'b00100 
	Parameter CHAR_CODES_E bound to: 5'b00101 
	Parameter CHAR_CODES_F bound to: 5'b00110 
	Parameter CHAR_CODES_G bound to: 5'b00111 
	Parameter CHAR_CODES_H bound to: 5'b01000 
	Parameter CHAR_CODES_I bound to: 5'b01001 
	Parameter CHAR_CODES_J bound to: 5'b01010 
	Parameter CHAR_CODES_K bound to: 5'b01011 
	Parameter CHAR_CODES_L bound to: 5'b01100 
	Parameter CHAR_CODES_M bound to: 5'b01101 
	Parameter CHAR_CODES_N bound to: 5'b01110 
	Parameter CHAR_CODES_O bound to: 5'b01111 
	Parameter CHAR_CODES_P bound to: 5'b10000 
	Parameter CHAR_CODES_Q bound to: 5'b10001 
	Parameter CHAR_CODES_R bound to: 5'b10010 
	Parameter CHAR_CODES_S bound to: 5'b10011 
	Parameter CHAR_CODES_T bound to: 5'b10100 
	Parameter CHAR_CODES_U bound to: 5'b10101 
	Parameter CHAR_CODES_V bound to: 5'b10110 
	Parameter CHAR_CODES_W bound to: 5'b10111 
	Parameter CHAR_CODES_X bound to: 5'b11000 
	Parameter CHAR_CODES_Y bound to: 5'b11001 
	Parameter CHAR_CODES_Z bound to: 5'b11010 
	Parameter STATE_IDLE bound to: 4'b0000 
	Parameter STATE_INPUT bound to: 4'b0001 
	Parameter STATE_FIRST_PLAYER bound to: 4'b0010 
	Parameter STATE_SECOND_PLAYER bound to: 4'b0011 
	Parameter STATE_FIRST_PLAYER_WIN bound to: 4'b0100 
	Parameter STATE_SECOND_PLAYER_WIN bound to: 4'b0101 
INFO: [Synth 8-6155] done synthesizing module 'game_logic_core' (18#1) [D:/hdl/final proj/main_fgpa_slave_connection/main_fgpa_slave_connection.srcs/sources_1/new/keyboard_manager_on_main.v:346]
INFO: [Synth 8-6157] synthesizing module 'SevenSegment' [D:/hdl/final proj/main_fgpa_slave_connection/main_fgpa_slave_connection.srcs/sources_1/new/keyboard_manager_on_main.v:973]
INFO: [Synth 8-6155] done synthesizing module 'SevenSegment' (19#1) [D:/hdl/final proj/main_fgpa_slave_connection/main_fgpa_slave_connection.srcs/sources_1/new/keyboard_manager_on_main.v:973]
INFO: [Synth 8-6155] done synthesizing module 'Top' (20#1) [D:/hdl/final proj/main_fgpa_slave_connection/main_fgpa_slave_connection.srcs/sources_1/new/keyboard_manager_on_main.v:6]
---------------------------------------------------------------------------------
Finished RTL Elaboration : Time (s): cpu = 00:00:14 ; elapsed = 00:00:20 . Memory (MB): peak = 1015.012 ; gain = 0.000
---------------------------------------------------------------------------------
---------------------------------------------------------------------------------
Start Handling Custom Attributes
---------------------------------------------------------------------------------
---------------------------------------------------------------------------------
Finished Handling Custom Attributes : Time (s): cpu = 00:00:15 ; elapsed = 00:00:22 . Memory (MB): peak = 1015.012 ; gain = 0.000
---------------------------------------------------------------------------------
---------------------------------------------------------------------------------
Finished RTL Optimization Phase 1 : Time (s): cpu = 00:00:15 ; elapsed = 00:00:22 . Memory (MB): peak = 1015.012 ; gain = 0.000
---------------------------------------------------------------------------------
Netlist sorting complete. Time (s): cpu = 00:00:00 ; elapsed = 00:00:00.149 . Memory (MB): peak = 1015.012 ; gain = 0.000
INFO: [Netlist 29-17] Analyzing 2 Unisim elements for replacement
INFO: [Netlist 29-28] Unisim Transformation completed in 0 CPU seconds
INFO: [Project 1-570] Preparing netlist for logic optimization

Processing XDC Constraints
Initializing timing engine
Parsing XDC File [D:/hdl/final proj/main_fgpa_slave_connection/main_fgpa_slave_connection.srcs/constrs_1/new/constrains.xdc]
WARNING: [Vivado 12-584] No ports matched 'data_to_slave_o[4]'. [D:/hdl/final proj/main_fgpa_slave_connection/main_fgpa_slave_connection.srcs/constrs_1/new/constrains.xdc:32]
CRITICAL WARNING: [Common 17-55] 'set_property' expects at least one object. [D:/hdl/final proj/main_fgpa_slave_connection/main_fgpa_slave_connection.srcs/constrs_1/new/constrains.xdc:32]
Resolution: If [get_<value>] was used to populate the object, check to make sure this command returns at least one valid object.
WARNING: [Vivado 12-584] No ports matched 'data_to_slave_o[3]'. [D:/hdl/final proj/main_fgpa_slave_connection/main_fgpa_slave_connection.srcs/constrs_1/new/constrains.xdc:33]
CRITICAL WARNING: [Common 17-55] 'set_property' expects at least one object. [D:/hdl/final proj/main_fgpa_slave_connection/main_fgpa_slave_connection.srcs/constrs_1/new/constrains.xdc:33]
Resolution: If [get_<value>] was used to populate the object, check to make sure this command returns at least one valid object.
WARNING: [Vivado 12-584] No ports matched 'data_to_slave_o[2]'. [D:/hdl/final proj/main_fgpa_slave_connection/main_fgpa_slave_connection.srcs/constrs_1/new/constrains.xdc:34]
CRITICAL WARNING: [Common 17-55] 'set_property' expects at least one object. [D:/hdl/final proj/main_fgpa_slave_connection/main_fgpa_slave_connection.srcs/constrs_1/new/constrains.xdc:34]
Resolution: If [get_<value>] was used to populate the object, check to make sure this command returns at least one valid object.
WARNING: [Vivado 12-584] No ports matched 'data_to_slave_o[1]'. [D:/hdl/final proj/main_fgpa_slave_connection/main_fgpa_slave_connection.srcs/constrs_1/new/constrains.xdc:35]
CRITICAL WARNING: [Common 17-55] 'set_property' expects at least one object. [D:/hdl/final proj/main_fgpa_slave_connection/main_fgpa_slave_connection.srcs/constrs_1/new/constrains.xdc:35]
Resolution: If [get_<value>] was used to populate the object, check to make sure this command returns at least one valid object.
WARNING: [Vivado 12-584] No ports matched 'data_to_slave_o[0]'. [D:/hdl/final proj/main_fgpa_slave_connection/main_fgpa_slave_connection.srcs/constrs_1/new/constrains.xdc:36]
CRITICAL WARNING: [Common 17-55] 'set_property' expects at least one object. [D:/hdl/final proj/main_fgpa_slave_connection/main_fgpa_slave_connection.srcs/constrs_1/new/constrains.xdc:36]
Resolution: If [get_<value>] was used to populate the object, check to make sure this command returns at least one valid object.
WARNING: [Vivado 12-584] No ports matched 'data_to_slave_o[4]'. [D:/hdl/final proj/main_fgpa_slave_connection/main_fgpa_slave_connection.srcs/constrs_1/new/constrains.xdc:37]
CRITICAL WARNING: [Common 17-55] 'set_property' expects at least one object. [D:/hdl/final proj/main_fgpa_slave_connection/main_fgpa_slave_connection.srcs/constrs_1/new/constrains.xdc:37]
Resolution: If [get_<value>] was used to populate the object, check to make sure this command returns at least one valid object.
WARNING: [Vivado 12-584] No ports matched 'data_to_slave_o[3]'. [D:/hdl/final proj/main_fgpa_slave_connection/main_fgpa_slave_connection.srcs/constrs_1/new/constrains.xdc:38]
CRITICAL WARNING: [Common 17-55] 'set_property' expects at least one object. [D:/hdl/final proj/main_fgpa_slave_connection/main_fgpa_slave_connection.srcs/constrs_1/new/constrains.xdc:38]
Resolution: If [get_<value>] was used to populate the object, check to make sure this command returns at least one valid object.
WARNING: [Vivado 12-584] No ports matched 'data_to_slave_o[2]'. [D:/hdl/final proj/main_fgpa_slave_connection/main_fgpa_slave_connection.srcs/constrs_1/new/constrains.xdc:39]
CRITICAL WARNING: [Common 17-55] 'set_property' expects at least one object. [D:/hdl/final proj/main_fgpa_slave_connection/main_fgpa_slave_connection.srcs/constrs_1/new/constrains.xdc:39]
Resolution: If [get_<value>] was used to populate the object, check to make sure this command returns at least one valid object.
WARNING: [Vivado 12-584] No ports matched 'data_to_slave_o[1]'. [D:/hdl/final proj/main_fgpa_slave_connection/main_fgpa_slave_connection.srcs/constrs_1/new/constrains.xdc:40]
CRITICAL WARNING: [Common 17-55] 'set_property' expects at least one object. [D:/hdl/final proj/main_fgpa_slave_connection/main_fgpa_slave_connection.srcs/constrs_1/new/constrains.xdc:40]
Resolution: If [get_<value>] was used to populate the object, check to make sure this command returns at least one valid object.
WARNING: [Vivado 12-584] No ports matched 'data_to_slave_o[0]'. [D:/hdl/final proj/main_fgpa_slave_connection/main_fgpa_slave_connection.srcs/constrs_1/new/constrains.xdc:41]
CRITICAL WARNING: [Common 17-55] 'set_property' expects at least one object. [D:/hdl/final proj/main_fgpa_slave_connection/main_fgpa_slave_connection.srcs/constrs_1/new/constrains.xdc:41]
Resolution: If [get_<value>] was used to populate the object, check to make sure this command returns at least one valid object.
WARNING: [Vivado 12-584] No ports matched 'data_to_slave_o[4]'. [D:/hdl/final proj/main_fgpa_slave_connection/main_fgpa_slave_connection.srcs/constrs_1/new/constrains.xdc:42]
CRITICAL WARNING: [Common 17-55] 'set_property' expects at least one object. [D:/hdl/final proj/main_fgpa_slave_connection/main_fgpa_slave_connection.srcs/constrs_1/new/constrains.xdc:42]
Resolution: If [get_<value>] was used to populate the object, check to make sure this command returns at least one valid object.
WARNING: [Vivado 12-584] No ports matched 'data_to_slave_o[3]'. [D:/hdl/final proj/main_fgpa_slave_connection/main_fgpa_slave_connection.srcs/constrs_1/new/constrains.xdc:43]
CRITICAL WARNING: [Common 17-55] 'set_property' expects at least one object. [D:/hdl/final proj/main_fgpa_slave_connection/main_fgpa_slave_connection.srcs/constrs_1/new/constrains.xdc:43]
Resolution: If [get_<value>] was used to populate the object, check to make sure this command returns at least one valid object.
WARNING: [Vivado 12-584] No ports matched 'data_to_slave_o[2]'. [D:/hdl/final proj/main_fgpa_slave_connection/main_fgpa_slave_connection.srcs/constrs_1/new/constrains.xdc:44]
CRITICAL WARNING: [Common 17-55] 'set_property' expects at least one object. [D:/hdl/final proj/main_fgpa_slave_connection/main_fgpa_slave_connection.srcs/constrs_1/new/constrains.xdc:44]
Resolution: If [get_<value>] was used to populate the object, check to make sure this command returns at least one valid object.
WARNING: [Vivado 12-584] No ports matched 'data_to_slave_o[1]'. [D:/hdl/final proj/main_fgpa_slave_connection/main_fgpa_slave_connection.srcs/constrs_1/new/constrains.xdc:45]
CRITICAL WARNING: [Common 17-55] 'set_property' expects at least one object. [D:/hdl/final proj/main_fgpa_slave_connection/main_fgpa_slave_connection.srcs/constrs_1/new/constrains.xdc:45]
Resolution: If [get_<value>] was used to populate the object, check to make sure this command returns at least one valid object.
WARNING: [Vivado 12-584] No ports matched 'data_to_slave_o[0]'. [D:/hdl/final proj/main_fgpa_slave_connection/main_fgpa_slave_connection.srcs/constrs_1/new/constrains.xdc:46]
CRITICAL WARNING: [Common 17-55] 'set_property' expects at least one object. [D:/hdl/final proj/main_fgpa_slave_connection/main_fgpa_slave_connection.srcs/constrs_1/new/constrains.xdc:46]
Resolution: If [get_<value>] was used to populate the object, check to make sure this command returns at least one valid object.
WARNING: [Vivado 12-584] No ports matched 'ack'. [D:/hdl/final proj/main_fgpa_slave_connection/main_fgpa_slave_connection.srcs/constrs_1/new/constrains.xdc:47]
CRITICAL WARNING: [Common 17-55] 'set_property' expects at least one object. [D:/hdl/final proj/main_fgpa_slave_connection/main_fgpa_slave_connection.srcs/constrs_1/new/constrains.xdc:47]
Resolution: If [get_<value>] was used to populate the object, check to make sure this command returns at least one valid object.
WARNING: [Vivado 12-584] No ports matched 'notice_master'. [D:/hdl/final proj/main_fgpa_slave_connection/main_fgpa_slave_connection.srcs/constrs_1/new/constrains.xdc:48]
CRITICAL WARNING: [Common 17-55] 'set_property' expects at least one object. [D:/hdl/final proj/main_fgpa_slave_connection/main_fgpa_slave_connection.srcs/constrs_1/new/constrains.xdc:48]
Resolution: If [get_<value>] was used to populate the object, check to make sure this command returns at least one valid object.
WARNING: [Vivado 12-584] No ports matched 'request2s'. [D:/hdl/final proj/main_fgpa_slave_connection/main_fgpa_slave_connection.srcs/constrs_1/new/constrains.xdc:49]
CRITICAL WARNING: [Common 17-55] 'set_property' expects at least one object. [D:/hdl/final proj/main_fgpa_slave_connection/main_fgpa_slave_connection.srcs/constrs_1/new/constrains.xdc:49]
Resolution: If [get_<value>] was used to populate the object, check to make sure this command returns at least one valid object.
WARNING: [Vivado 12-584] No ports matched 'valid'. [D:/hdl/final proj/main_fgpa_slave_connection/main_fgpa_slave_connection.srcs/constrs_1/new/constrains.xdc:50]
CRITICAL WARNING: [Common 17-55] 'set_property' expects at least one object. [D:/hdl/final proj/main_fgpa_slave_connection/main_fgpa_slave_connection.srcs/constrs_1/new/constrains.xdc:50]
Resolution: If [get_<value>] was used to populate the object, check to make sure this command returns at least one valid object.
WARNING: [Vivado 12-584] No ports matched 'ack'. [D:/hdl/final proj/main_fgpa_slave_connection/main_fgpa_slave_connection.srcs/constrs_1/new/constrains.xdc:51]
CRITICAL WARNING: [Common 17-55] 'set_property' expects at least one object. [D:/hdl/final proj/main_fgpa_slave_connection/main_fgpa_slave_connection.srcs/constrs_1/new/constrains.xdc:51]
Resolution: If [get_<value>] was used to populate the object, check to make sure this command returns at least one valid object.
WARNING: [Vivado 12-584] No ports matched 'notice_master'. [D:/hdl/final proj/main_fgpa_slave_connection/main_fgpa_slave_connection.srcs/constrs_1/new/constrains.xdc:52]
CRITICAL WARNING: [Common 17-55] 'set_property' expects at least one object. [D:/hdl/final proj/main_fgpa_slave_connection/main_fgpa_slave_connection.srcs/constrs_1/new/constrains.xdc:52]
Resolution: If [get_<value>] was used to populate the object, check to make sure this command returns at least one valid object.
WARNING: [Vivado 12-584] No ports matched 'request2s'. [D:/hdl/final proj/main_fgpa_slave_connection/main_fgpa_slave_connection.srcs/constrs_1/new/constrains.xdc:53]
CRITICAL WARNING: [Common 17-55] 'set_property' expects at least one object. [D:/hdl/final proj/main_fgpa_slave_connection/main_fgpa_slave_connection.srcs/constrs_1/new/constrains.xdc:53]
Resolution: If [get_<value>] was used to populate the object, check to make sure this command returns at least one valid object.
WARNING: [Vivado 12-584] No ports matched 'valid'. [D:/hdl/final proj/main_fgpa_slave_connection/main_fgpa_slave_connection.srcs/constrs_1/new/constrains.xdc:54]
CRITICAL WARNING: [Common 17-55] 'set_property' expects at least one object. [D:/hdl/final proj/main_fgpa_slave_connection/main_fgpa_slave_connection.srcs/constrs_1/new/constrains.xdc:54]
Resolution: If [get_<value>] was used to populate the object, check to make sure this command returns at least one valid object.
WARNING: [Vivado 12-584] No ports matched 'ack'. [D:/hdl/final proj/main_fgpa_slave_connection/main_fgpa_slave_connection.srcs/constrs_1/new/constrains.xdc:55]
CRITICAL WARNING: [Common 17-55] 'set_property' expects at least one object. [D:/hdl/final proj/main_fgpa_slave_connection/main_fgpa_slave_connection.srcs/constrs_1/new/constrains.xdc:55]
Resolution: If [get_<value>] was used to populate the object, check to make sure this command returns at least one valid object.
WARNING: [Vivado 12-584] No ports matched 'request2s'. [D:/hdl/final proj/main_fgpa_slave_connection/main_fgpa_slave_connection.srcs/constrs_1/new/constrains.xdc:56]
CRITICAL WARNING: [Common 17-55] 'set_property' expects at least one object. [D:/hdl/final proj/main_fgpa_slave_connection/main_fgpa_slave_connection.srcs/constrs_1/new/constrains.xdc:56]
Resolution: If [get_<value>] was used to populate the object, check to make sure this command returns at least one valid object.
WARNING: [Vivado 12-584] No ports matched 'valid'. [D:/hdl/final proj/main_fgpa_slave_connection/main_fgpa_slave_connection.srcs/constrs_1/new/constrains.xdc:57]
CRITICAL WARNING: [Common 17-55] 'set_property' expects at least one object. [D:/hdl/final proj/main_fgpa_slave_connection/main_fgpa_slave_connection.srcs/constrs_1/new/constrains.xdc:57]
Resolution: If [get_<value>] was used to populate the object, check to make sure this command returns at least one valid object.
WARNING: [Vivado 12-584] No ports matched 'game_start'. [D:/hdl/final proj/main_fgpa_slave_connection/main_fgpa_slave_connection.srcs/constrs_1/new/constrains.xdc:98]
CRITICAL WARNING: [Common 17-55] 'set_property' expects at least one object. [D:/hdl/final proj/main_fgpa_slave_connection/main_fgpa_slave_connection.srcs/constrs_1/new/constrains.xdc:98]
Resolution: If [get_<value>] was used to populate the object, check to make sure this command returns at least one valid object.
WARNING: [Vivado 12-584] No ports matched 'input_done'. [D:/hdl/final proj/main_fgpa_slave_connection/main_fgpa_slave_connection.srcs/constrs_1/new/constrains.xdc:100]
CRITICAL WARNING: [Common 17-55] 'set_property' expects at least one object. [D:/hdl/final proj/main_fgpa_slave_connection/main_fgpa_slave_connection.srcs/constrs_1/new/constrains.xdc:100]
Resolution: If [get_<value>] was used to populate the object, check to make sure this command returns at least one valid object.
WARNING: [Vivado 12-584] No ports matched 'restart_game'. [D:/hdl/final proj/main_fgpa_slave_connection/main_fgpa_slave_connection.srcs/constrs_1/new/constrains.xdc:101]
CRITICAL WARNING: [Common 17-55] 'set_property' expects at least one object. [D:/hdl/final proj/main_fgpa_slave_connection/main_fgpa_slave_connection.srcs/constrs_1/new/constrains.xdc:101]
Resolution: If [get_<value>] was used to populate the object, check to make sure this command returns at least one valid object.
WARNING: [Vivado 12-584] No ports matched 'restart_game'. [D:/hdl/final proj/main_fgpa_slave_connection/main_fgpa_slave_connection.srcs/constrs_1/new/constrains.xdc:117]
CRITICAL WARNING: [Common 17-55] 'set_property' expects at least one object. [D:/hdl/final proj/main_fgpa_slave_connection/main_fgpa_slave_connection.srcs/constrs_1/new/constrains.xdc:117]
Resolution: If [get_<value>] was used to populate the object, check to make sure this command returns at least one valid object.
WARNING: [Vivado 12-584] No ports matched 'game_start'. [D:/hdl/final proj/main_fgpa_slave_connection/main_fgpa_slave_connection.srcs/constrs_1/new/constrains.xdc:118]
CRITICAL WARNING: [Common 17-55] 'set_property' expects at least one object. [D:/hdl/final proj/main_fgpa_slave_connection/main_fgpa_slave_connection.srcs/constrs_1/new/constrains.xdc:118]
Resolution: If [get_<value>] was used to populate the object, check to make sure this command returns at least one valid object.
WARNING: [Vivado 12-584] No ports matched 'input_done'. [D:/hdl/final proj/main_fgpa_slave_connection/main_fgpa_slave_connection.srcs/constrs_1/new/constrains.xdc:119]
CRITICAL WARNING: [Common 17-55] 'set_property' expects at least one object. [D:/hdl/final proj/main_fgpa_slave_connection/main_fgpa_slave_connection.srcs/constrs_1/new/constrains.xdc:119]
Resolution: If [get_<value>] was used to populate the object, check to make sure this command returns at least one valid object.
Finished Parsing XDC File [D:/hdl/final proj/main_fgpa_slave_connection/main_fgpa_slave_connection.srcs/constrs_1/new/constrains.xdc]
INFO: [Project 1-236] Implementation specific constraints were found while reading constraint file [D:/hdl/final proj/main_fgpa_slave_connection/main_fgpa_slave_connection.srcs/constrs_1/new/constrains.xdc]. These constraints will be ignored for synthesis but will be used in implementation. Impacted constraints are listed in the file [.Xil/Top_propImpl.xdc].
Resolution: To avoid this warning, move constraints listed in [.Xil/Top_propImpl.xdc] to another XDC file and exclude this new file from synthesis with the used_in_synthesis property (File Properties dialog in GUI) and re-run elaboration/synthesis.
Completed Processing XDC Constraints

Netlist sorting complete. Time (s): cpu = 00:00:00 ; elapsed = 00:00:00.002 . Memory (MB): peak = 1059.816 ; gain = 0.000
INFO: [Project 1-111] Unisim Transformation Summary:
  A total of 2 instances were transformed.
  IOBUF => IOBUF (IBUF, OBUFT): 2 instances

Constraint Validation Runtime : Time (s): cpu = 00:00:00 ; elapsed = 00:00:00.277 . Memory (MB): peak = 1059.816 ; gain = 0.000
---------------------------------------------------------------------------------
Finished Constraint Validation : Time (s): cpu = 00:00:33 ; elapsed = 00:00:46 . Memory (MB): peak = 1059.816 ; gain = 44.805
---------------------------------------------------------------------------------
---------------------------------------------------------------------------------
Start Loading Part and Timing Information
---------------------------------------------------------------------------------
Loading part: xc7a35tcpg236-1
---------------------------------------------------------------------------------
Finished Loading Part and Timing Information : Time (s): cpu = 00:00:33 ; elapsed = 00:00:46 . Memory (MB): peak = 1059.816 ; gain = 44.805
---------------------------------------------------------------------------------
---------------------------------------------------------------------------------
Start Applying 'set_property' XDC Constraints
---------------------------------------------------------------------------------
---------------------------------------------------------------------------------
Finished applying 'set_property' XDC Constraints : Time (s): cpu = 00:00:33 ; elapsed = 00:00:46 . Memory (MB): peak = 1059.816 ; gain = 44.805
---------------------------------------------------------------------------------
INFO: [Synth 8-802] inferred FSM for state register 'state_reg' in module 'slave_control'
INFO: [Synth 8-802] inferred FSM for state register 'state_reg' in module 'Ps2Interface'
INFO: [Synth 8-802] inferred FSM for state register 'state_reg' in module 'KeyboardCtrl'
INFO: [Synth 8-802] inferred FSM for state register 'state_reg' in module 'KeyboardDecoder'
INFO: [Synth 8-802] inferred FSM for state register 'digit_reg' in module 'SevenSegment'
---------------------------------------------------------------------------------------------------
                   State |                     New Encoding |                Previous Encoding 
---------------------------------------------------------------------------------------------------
         state_wait_rqst |                              001 |                               00
  state_wait_to_send_ack |                              010 |                               01
         state_wait_data |                              100 |                               11
---------------------------------------------------------------------------------------------------
INFO: [Synth 8-3354] encoded FSM with state register 'state_reg' using encoding 'one-hot' in module 'slave_control'
---------------------------------------------------------------------------------------------------
                   State |                     New Encoding |                Previous Encoding 
---------------------------------------------------------------------------------------------------
                    IDLE |                  000000000000010 |                             0000
        TX_FORCE_CLK_LOW |                  000000000001000 |                             0100
       TX_BRING_DATA_LOW |                  000000000010000 |                             0101
          TX_RELEASE_CLK |                  100000000000000 |                             0110
  TX_WAIT_FIRTS_NEG_EDGE |                  001000000000000 |                             0111
              TX_CLK_LOW |                  000100000000000 |                             1000
        TX_WAIT_POS_EDGE |                  010000000000000 |                             1001
TX_WAIT_POS_EDGE_BEFORE_ACK |                  000001000000000 |                             1011
             TX_WAIT_ACK |                  000000010000000 |                             1100
         TX_RECEIVED_ACK |                  000000000100000 |                             1101
         TX_ERROR_NO_ACK |                  000000100000000 |                             1110
             TX_CLK_HIGH |                  000010000000000 |                             1010
             RX_NEG_EDGE |                  000000000000100 |                             0001
              RX_CLK_LOW |                  000000001000000 |                             0010
             RX_CLK_HIGH |                  000000000000001 |                             0011
---------------------------------------------------------------------------------------------------
INFO: [Synth 8-3354] encoded FSM with state register 'state_reg' using encoding 'one-hot' in module 'Ps2Interface'
---------------------------------------------------------------------------------------------------
                   State |                     New Encoding |                Previous Encoding 
---------------------------------------------------------------------------------------------------
                   RESET |                          0000001 |                              000
                SEND_CMD |                          0000010 |                              001
                WAIT_ACK |                          0000100 |                              010
          RESET_WAIT_BAT |                          0001000 |                              110
              WAIT_KEYIN |                          0010000 |                              011
              GET_EXTEND |                          0100000 |                              101
               GET_BREAK |                          1000000 |                              100
---------------------------------------------------------------------------------------------------
INFO: [Synth 8-3354] encoded FSM with state register 'state_reg' using encoding 'one-hot' in module 'KeyboardCtrl'
---------------------------------------------------------------------------------------------------
                   State |                     New Encoding |                Previous Encoding 
---------------------------------------------------------------------------------------------------
                    INIT |                               00 |                               00
         WAIT_FOR_SIGNAL |                               01 |                               01
         GET_SIGNAL_DOWN |                               10 |                               10
            WAIT_RELEASE |                               11 |                               11
---------------------------------------------------------------------------------------------------
INFO: [Synth 8-3354] encoded FSM with state register 'state_reg' using encoding 'sequential' in module 'KeyboardDecoder'
---------------------------------------------------------------------------------------------------
                   State |                     New Encoding |                Previous Encoding 
---------------------------------------------------------------------------------------------------
                 iSTATE3 |                              000 |                             1111
*
                  iSTATE |                              001 |                             1110
                 iSTATE0 |                              010 |                             1101
                 iSTATE1 |                              011 |                             1011
                 iSTATE2 |                              100 |                             0111
---------------------------------------------------------------------------------------------------
INFO: [Synth 8-3354] encoded FSM with state register 'digit_reg' using encoding 'sequential' in module 'SevenSegment'
WARNING: [Synth 8-327] inferring latch for variable 'keyboard2_reg' [D:/hdl/final proj/main_fgpa_slave_connection/main_fgpa_slave_connection.srcs/sources_1/new/keyboard_manager_on_main.v:124]
WARNING: [Synth 8-327] inferring latch for variable 'keyboard2_l_reg' [D:/hdl/final proj/main_fgpa_slave_connection/main_fgpa_slave_connection.srcs/sources_1/new/keyboard_manager_on_main.v:124]
WARNING: [Synth 8-327] inferring latch for variable 'keyboard3_reg' [D:/hdl/final proj/main_fgpa_slave_connection/main_fgpa_slave_connection.srcs/sources_1/new/keyboard_manager_on_main.v:125]
WARNING: [Synth 8-327] inferring latch for variable 'keyboard3_l_reg' [D:/hdl/final proj/main_fgpa_slave_connection/main_fgpa_slave_connection.srcs/sources_1/new/keyboard_manager_on_main.v:125]
WARNING: [Synth 8-327] inferring latch for variable 'keyboard4_reg' [D:/hdl/final proj/main_fgpa_slave_connection/main_fgpa_slave_connection.srcs/sources_1/new/keyboard_manager_on_main.v:126]
WARNING: [Synth 8-327] inferring latch for variable 'keyboard4_l_reg' [D:/hdl/final proj/main_fgpa_slave_connection/main_fgpa_slave_connection.srcs/sources_1/new/keyboard_manager_on_main.v:126]
WARNING: [Synth 8-327] inferring latch for variable 'keyboard5_reg' [D:/hdl/final proj/main_fgpa_slave_connection/main_fgpa_slave_connection.srcs/sources_1/new/keyboard_manager_on_main.v:127]
WARNING: [Synth 8-327] inferring latch for variable 'keyboard5_l_reg' [D:/hdl/final proj/main_fgpa_slave_connection/main_fgpa_slave_connection.srcs/sources_1/new/keyboard_manager_on_main.v:127]
WARNING: [Synth 8-327] inferring latch for variable 'keyboard6_reg' [D:/hdl/final proj/main_fgpa_slave_connection/main_fgpa_slave_connection.srcs/sources_1/new/keyboard_manager_on_main.v:128]
WARNING: [Synth 8-327] inferring latch for variable 'keyboard1_reg' [D:/hdl/final proj/main_fgpa_slave_connection/main_fgpa_slave_connection.srcs/sources_1/new/keyboard_manager_on_main.v:123]
WARNING: [Synth 8-327] inferring latch for variable 'keyboard1_l_reg' [D:/hdl/final proj/main_fgpa_slave_connection/main_fgpa_slave_connection.srcs/sources_1/new/keyboard_manager_on_main.v:123]
---------------------------------------------------------------------------------
Finished RTL Optimization Phase 2 : Time (s): cpu = 00:00:37 ; elapsed = 00:00:52 . Memory (MB): peak = 1059.816 ; gain = 44.805
---------------------------------------------------------------------------------
---------------------------------------------------------------------------------
Start RTL Component Statistics 
---------------------------------------------------------------------------------
Detailed RTL Component Info : 
+---Adders : 
	   2 Input   27 Bit       Adders := 1     
	   2 Input   14 Bit       Adders := 1     
	   2 Input   10 Bit       Adders := 2     
	   2 Input    4 Bit       Adders := 10    
	   2 Input    2 Bit       Adders := 1     
+---Registers : 
	              512 Bit    Registers := 2     
	               27 Bit    Registers := 1     
	               14 Bit    Registers := 1     
	               11 Bit    Registers := 1     
	               10 Bit    Registers := 3     
	                8 Bit    Registers := 3     
	                5 Bit    Registers := 7     
	                4 Bit    Registers := 12    
	                3 Bit    Registers := 1     
	                2 Bit    Registers := 2     
	                1 Bit    Registers := 38    
+---Muxes : 
	   2 Input  512 Bit        Muxes := 1     
	   2 Input   27 Bit        Muxes := 1     
	   3 Input   16 Bit        Muxes := 1     
	  15 Input   15 Bit        Muxes := 1     
	   2 Input   15 Bit        Muxes := 17    
	   2 Input   14 Bit        Muxes := 3     
	  15 Input   14 Bit        Muxes := 1     
	   2 Input   11 Bit        Muxes := 1     
	   4 Input   10 Bit        Muxes := 1     
	   2 Input   10 Bit        Muxes := 2     
	   3 Input    8 Bit        Muxes := 1     
	   7 Input    7 Bit        Muxes := 1     
	   2 Input    7 Bit        Muxes := 15    
	   3 Input    7 Bit        Muxes := 1     
	   2 Input    6 Bit        Muxes := 2     
	   8 Input    6 Bit        Muxes := 2     
	   2 Input    5 Bit        Muxes := 2     
	  27 Input    5 Bit        Muxes := 1     
	   3 Input    5 Bit        Muxes := 2     
	   2 Input    4 Bit        Muxes := 29    
	   7 Input    4 Bit        Muxes := 5     
	   5 Input    4 Bit        Muxes := 2     
	   3 Input    3 Bit        Muxes := 1     
	   2 Input    3 Bit        Muxes := 7     
	   7 Input    3 Bit        Muxes := 1     
	   4 Input    3 Bit        Muxes := 2     
	   5 Input    3 Bit        Muxes := 1     
	   4 Input    2 Bit        Muxes := 1     
	   2 Input    2 Bit        Muxes := 8     
	   2 Input    1 Bit        Muxes := 29    
	   3 Input    1 Bit        Muxes := 5     
	  15 Input    1 Bit        Muxes := 6     
	   4 Input    1 Bit        Muxes := 9     
	   5 Input    1 Bit        Muxes := 1     
	   7 Input    1 Bit        Muxes := 1     
---------------------------------------------------------------------------------
Finished RTL Component Statistics 
---------------------------------------------------------------------------------
---------------------------------------------------------------------------------
Start Part Resource Summary
---------------------------------------------------------------------------------
Part Resources:
DSPs: 90 (col length:60)
BRAMs: 100 (col length: RAMB18 60 RAMB36 30)
---------------------------------------------------------------------------------
Finished Part Resource Summary
---------------------------------------------------------------------------------
---------------------------------------------------------------------------------
Start Cross Boundary and Area Optimization
---------------------------------------------------------------------------------
---------------------------------------------------------------------------------
Finished Cross Boundary and Area Optimization : Time (s): cpu = 00:01:17 ; elapsed = 00:01:55 . Memory (MB): peak = 1059.816 ; gain = 44.805
---------------------------------------------------------------------------------
---------------------------------------------------------------------------------
Start ROM, RAM, DSP, Shift Register and Retiming Reporting
---------------------------------------------------------------------------------

ROM: Preliminary Mapping	Report
+------------+------------+---------------+----------------+
|Module Name | RTL Object | Depth x Width | Implemented As | 
+------------+------------+---------------+----------------+
|ascii_rom   | data       | 2048x8        | LUT            | 
|pixel_gen   | rom/data   | 2048x8        | LUT            | 
+------------+------------+---------------+----------------+

---------------------------------------------------------------------------------
Finished ROM, RAM, DSP, Shift Register and Retiming Reporting
---------------------------------------------------------------------------------
---------------------------------------------------------------------------------
Start Applying XDC Timing Constraints
---------------------------------------------------------------------------------
---------------------------------------------------------------------------------
Finished Applying XDC Timing Constraints : Time (s): cpu = 00:01:30 ; elapsed = 00:02:08 . Memory (MB): peak = 1059.816 ; gain = 44.805
---------------------------------------------------------------------------------
---------------------------------------------------------------------------------
Start Timing Optimization
---------------------------------------------------------------------------------
---------------------------------------------------------------------------------
Finished Timing Optimization : Time (s): cpu = 00:01:33 ; elapsed = 00:02:12 . Memory (MB): peak = 1059.816 ; gain = 44.805
---------------------------------------------------------------------------------
---------------------------------------------------------------------------------
Start Technology Mapping
---------------------------------------------------------------------------------
---------------------------------------------------------------------------------
Finished Technology Mapping : Time (s): cpu = 00:01:36 ; elapsed = 00:02:15 . Memory (MB): peak = 1092.410 ; gain = 77.398
---------------------------------------------------------------------------------
---------------------------------------------------------------------------------
Start IO Insertion
---------------------------------------------------------------------------------
---------------------------------------------------------------------------------
Start Flattening Before IO Insertion
---------------------------------------------------------------------------------
---------------------------------------------------------------------------------
Finished Flattening Before IO Insertion
---------------------------------------------------------------------------------
---------------------------------------------------------------------------------
Start Final Netlist Cleanup
---------------------------------------------------------------------------------
---------------------------------------------------------------------------------
Finished Final Netlist Cleanup
---------------------------------------------------------------------------------
---------------------------------------------------------------------------------
Finished IO Insertion : Time (s): cpu = 00:01:45 ; elapsed = 00:02:23 . Memory (MB): peak = 1107.227 ; gain = 92.215
---------------------------------------------------------------------------------
---------------------------------------------------------------------------------
Start Renaming Generated Instances
---------------------------------------------------------------------------------
---------------------------------------------------------------------------------
Finished Renaming Generated Instances : Time (s): cpu = 00:01:45 ; elapsed = 00:02:23 . Memory (MB): peak = 1107.227 ; gain = 92.215
---------------------------------------------------------------------------------
---------------------------------------------------------------------------------
Start Rebuilding User Hierarchy
---------------------------------------------------------------------------------
---------------------------------------------------------------------------------
Finished Rebuilding User Hierarchy : Time (s): cpu = 00:01:45 ; elapsed = 00:02:24 . Memory (MB): peak = 1107.227 ; gain = 92.215
---------------------------------------------------------------------------------
---------------------------------------------------------------------------------
Start Renaming Generated Ports
---------------------------------------------------------------------------------
---------------------------------------------------------------------------------
Finished Renaming Generated Ports : Time (s): cpu = 00:01:45 ; elapsed = 00:02:24 . Memory (MB): peak = 1107.227 ; gain = 92.215
---------------------------------------------------------------------------------
---------------------------------------------------------------------------------
Start Handling Custom Attributes
---------------------------------------------------------------------------------
---------------------------------------------------------------------------------
Finished Handling Custom Attributes : Time (s): cpu = 00:01:45 ; elapsed = 00:02:24 . Memory (MB): peak = 1107.227 ; gain = 92.215
---------------------------------------------------------------------------------
---------------------------------------------------------------------------------
Start Renaming Generated Nets
---------------------------------------------------------------------------------
---------------------------------------------------------------------------------
Finished Renaming Generated Nets : Time (s): cpu = 00:01:45 ; elapsed = 00:02:24 . Memory (MB): peak = 1107.227 ; gain = 92.215
---------------------------------------------------------------------------------
---------------------------------------------------------------------------------
Start Writing Synthesis Report
---------------------------------------------------------------------------------

Report BlackBoxes: 
+-+--------------+----------+
| |BlackBox name |Instances |
+-+--------------+----------+
+-+--------------+----------+

Report Cell Usage: 
+------+-------+------+
|      |Cell   |Count |
+------+-------+------+
|1     |BUFG   |     1|
|2     |CARRY4 |    15|
|3     |LUT1   |    22|
|4     |LUT2   |    72|
|5     |LUT3   |    66|
|6     |LUT4   |   618|
|7     |LUT5   |   141|
|8     |LUT6   |   385|
|9     |MUXF7  |   157|
|10    |MUXF8  |    68|
|11    |FDCE   |   646|
|12    |FDPE   |     9|
|13    |FDRE   |   625|
|14    |FDSE   |     3|
|15    |LDC    |     6|
|16    |IBUF   |    12|
|17    |IOBUF  |     2|
|18    |OBUF   |    39|
+------+-------+------+
---------------------------------------------------------------------------------
Finished Writing Synthesis Report : Time (s): cpu = 00:01:45 ; elapsed = 00:02:24 . Memory (MB): peak = 1107.227 ; gain = 92.215
---------------------------------------------------------------------------------
Synthesis finished with 0 errors, 0 critical warnings and 11 warnings.
Synthesis Optimization Runtime : Time (s): cpu = 00:01:24 ; elapsed = 00:02:14 . Memory (MB): peak = 1107.227 ; gain = 47.410
Synthesis Optimization Complete : Time (s): cpu = 00:01:46 ; elapsed = 00:02:24 . Memory (MB): peak = 1107.227 ; gain = 92.215
INFO: [Project 1-571] Translating synthesized netlist
Netlist sorting complete. Time (s): cpu = 00:00:00 ; elapsed = 00:00:00.103 . Memory (MB): peak = 1115.305 ; gain = 0.000
INFO: [Netlist 29-17] Analyzing 248 Unisim elements for replacement
INFO: [Netlist 29-28] Unisim Transformation completed in 0 CPU seconds
INFO: [Project 1-570] Preparing netlist for logic optimization
INFO: [Opt 31-138] Pushed 0 inverter(s) to 0 load pin(s).
Netlist sorting complete. Time (s): cpu = 00:00:00 ; elapsed = 00:00:00.003 . Memory (MB): peak = 1115.305 ; gain = 0.000
INFO: [Project 1-111] Unisim Transformation Summary:
  A total of 8 instances were transformed.
  IOBUF => IOBUF (IBUF, OBUFT): 2 instances
  LDC => LDCE: 6 instances

INFO: [Common 17-83] Releasing license: Synthesis
72 Infos, 79 Warnings, 32 Critical Warnings and 0 Errors encountered.
synth_design completed successfully
synth_design: Time (s): cpu = 00:01:58 ; elapsed = 00:02:41 . Memory (MB): peak = 1115.305 ; gain = 100.293
INFO: [runtcl-6] Synthesis results are not added to the cache due to CRITICAL_WARNING
INFO: [Common 17-1381] The checkpoint 'D:/hdl/final proj/main_fgpa_slave_connection/main_fgpa_slave_connection.runs/synth_1/Top.dcp' has been generated.
INFO: [runtcl-4] Executing : report_utilization -file Top_utilization_synth.rpt -pb Top_utilization_synth.pb
INFO: [Common 17-206] Exiting Vivado at Wed Jan 10 21:38:10 2024...
